<?xml version="1.0" encoding="UTF-8"?>
<!-- Generated by org.testng.reporters.JUnitXMLReporter -->
<testsuite ignored="0" hostname="CPC-Kajol-MXOVO" failures="0" tests="6" name="All_scenarios" time="19.909" errors="0" timestamp="2024-02-07T23:33:20 PST">
  <testcase classname="com.test.user.All_scenarios" name="CheckGoogleSearchBox" time="0.005"/>
  <testcase classname="com.test.user.All_scenarios" name="CheckGoogleSearchButton" time="0.003"/>
  <testcase classname="com.test.user.All_scenarios" name="CheckGoogleURL" time="0.002"/>
  <testcase classname="com.test.user.All_scenarios" name="RUNALL" time="4.144"/>
  <testcase classname="com.test.user.All_scenarios" name="RUNALL" time="4.853"/>
  <testcase classname="com.test.user.All_scenarios" name="RUNALL" time="10.11"/>
</testsuite> <!-- All_scenarios -->
