<?xml version="1.0" encoding="UTF-8"?>
<testng-results ignored="0" total="6" passed="6" failed="0" skipped="0">
  <reporter-output>
  </reporter-output>
  <suite started-at="2024-02-07T23:33:00 PST" name="Suite" finished-at="2024-02-07T23:33:20 PST" duration-ms="19909">
    <groups>
    </groups>
    <test started-at="2024-02-07T23:33:00 PST" name="All_scenarios" finished-at="2024-02-07T23:33:20 PST" duration-ms="19909">
      <class name="com.test.user.All_scenarios">
        <test-method is-config="true" signature="reference()[pri:0, instance:com.test.user.All_scenarios@40a4337a]" started-at="2024-02-07T23:32:59 PST" name="reference" finished-at="2024-02-07T23:33:00 PST" duration-ms="590" status="PASS">
          <reporter-output>
          </reporter-output>
        </test-method> <!-- reference -->
        <test-method signature="CheckGoogleSearchBox(org.testng.ITestContext)[pri:0, instance:com.test.user.All_scenarios@40a4337a]" started-at="2024-02-07T23:33:00 PST" name="CheckGoogleSearchBox" finished-at="2024-02-07T23:33:00 PST" duration-ms="5" status="PASS">
          <params>
            <param index="0">
              <value>
                <![CDATA[org.testng.TestRunner@3eeb318f]]>
              </value>
            </param>
          </params>
          <reporter-output>
          </reporter-output>
        </test-method> <!-- CheckGoogleSearchBox -->
        <test-method signature="CheckGoogleSearchButton(org.testng.ITestContext)[pri:0, instance:com.test.user.All_scenarios@40a4337a]" started-at="2024-02-07T23:33:00 PST" name="CheckGoogleSearchButton" finished-at="2024-02-07T23:33:00 PST" duration-ms="3" status="PASS">
          <params>
            <param index="0">
              <value>
                <![CDATA[org.testng.TestRunner@3eeb318f]]>
              </value>
            </param>
          </params>
          <reporter-output>
          </reporter-output>
        </test-method> <!-- CheckGoogleSearchButton -->
        <test-method signature="CheckGoogleURL(org.testng.ITestContext)[pri:0, instance:com.test.user.All_scenarios@40a4337a]" started-at="2024-02-07T23:33:00 PST" name="CheckGoogleURL" finished-at="2024-02-07T23:33:00 PST" duration-ms="2" status="PASS">
          <params>
            <param index="0">
              <value>
                <![CDATA[org.testng.TestRunner@3eeb318f]]>
              </value>
            </param>
          </params>
          <reporter-output>
          </reporter-output>
        </test-method> <!-- CheckGoogleURL -->
        <test-method signature="RUNALL(java.util.Map,org.testng.ITestContext)[pri:0, instance:com.test.user.All_scenarios@40a4337a]" started-at="2024-02-07T23:33:01 PST" name="RUNALL" data-provider="TestData" finished-at="2024-02-07T23:33:05 PST" duration-ms="4144" status="PASS">
          <params>
            <param index="0">
              <value>
                <![CDATA[{Account_number=, Add_amenities=, additional_input=, Aerobics_Instructor_Exp_DD=, Amount_details=, Annual_Fee_Per_Person=, Billing_Frequency=, Can_contact_radio_button=, Card_name=, Card_number=, Certificate_No=, Certification_IssuedByDPValues=, Certified_In_DD=, Change_brand_name=, Checkbox_class_formats=, Class_per_week=, Club_Address=, Club_city=, Club_Employer_DD=, Club_name=, Club_phone=, Club_zip=, Country=, Date_to_begin=, Dropdown_values=, E_EducationLeve_Dropdown=, Email=, Emp_details=, Emp_gap=, Employer_name=, EmploymentHowResigned_dd=, EmploymentSuccess_ip=, EmploymentWhatDislike_ip=, EmploymentWhatLike_ip=, EmploymentWhyLeaveCurrent_ip=, EmploymentWhyReapply_ip=, EmploymentWhyResignInFuture_ip=, Everemployed_rdobtn=, Ex_month=, Ex_year=, F_Name=, File_name=, First_Month_Dues=, From_date=, Full_name=, Gender_dd=, Hold_cert_GT_AC_ratio_button=, How_hear_abt_us=, Included_amenities=, Initial_Term=, Initiation_Fee=, input_data=, input_data1=, input_data2=, input_data3=, input_data4=, input_data5=, input_data6=, IP_Address=, Job_long_des=, Job_short_des=, Job_title=, L_Name=, Languages=, Last_Month_Dues=, Leaving_Reason=, Member_address=, Member_City=, Member_Phone=, Member_Zipcode=, Mobile_Device=, Module=Membership, No_Prev_emp_chk_box=, Number_of_Persons1=, Payment_type=, Personal_Training_ExperienceDPValues=, Plan_rates=, Prepayment=, PriorEmploymentWhyResigned_ip=, RaceEthnicity_dd=, Radiobtn18YearsOld=, Radius_travel_to_work=, Rates/amenities=, Rates_details=, Res_Run=SMTtitle_Text, Routing_number=, Run=Yes, State=, Supervisor_name=, TestScenario=TC_04_Validate_GoogleURL, Text_input=https://www.google.com/, TextMessage=CheckGoogle_URL, Time_period_DD=, To_date=, Total_initial_Payment=, Url=, Work_time=}]]>
              </value>
            </param>
            <param index="1">
              <value>
                <![CDATA[org.testng.TestRunner@3eeb318f]]>
              </value>
            </param>
          </params>
          <reporter-output>
          </reporter-output>
        </test-method> <!-- RUNALL -->
        <test-method signature="RUNALL(java.util.Map,org.testng.ITestContext)[pri:0, instance:com.test.user.All_scenarios@40a4337a]" started-at="2024-02-07T23:33:05 PST" name="RUNALL" data-provider="TestData" finished-at="2024-02-07T23:33:10 PST" duration-ms="4853" status="PASS">
          <params>
            <param index="0">
              <value>
                <![CDATA[{Account_number=, Add_amenities=, additional_input=, Aerobics_Instructor_Exp_DD=, Amount_details=, Annual_Fee_Per_Person=, Billing_Frequency=, Can_contact_radio_button=, Card_name=, Card_number=, Certificate_No=, Certification_IssuedByDPValues=, Certified_In_DD=, Change_brand_name=, Checkbox_class_formats=, Class_per_week=, Club_Address=, Club_city=, Club_Employer_DD=, Club_name=, Club_phone=, Club_zip=, Country=, Date_to_begin=, Dropdown_values=, E_EducationLeve_Dropdown=, Email=, Emp_details=, Emp_gap=, Employer_name=, EmploymentHowResigned_dd=, EmploymentSuccess_ip=, EmploymentWhatDislike_ip=, EmploymentWhatLike_ip=, EmploymentWhyLeaveCurrent_ip=, EmploymentWhyReapply_ip=, EmploymentWhyResignInFuture_ip=, Everemployed_rdobtn=, Ex_month=, Ex_year=, F_Name=8827, File_name=, First_Month_Dues=, From_date=, Full_name=, Gender_dd=, Hold_cert_GT_AC_ratio_button=, How_hear_abt_us=, Included_amenities=, Initial_Term=, Initiation_Fee=, input_data=, input_data1=, input_data2=, input_data3=, input_data4=, input_data5=, input_data6=, IP_Address=, Job_long_des=, Job_short_des=, Job_title=, L_Name=Fitness1, Languages=, Last_Month_Dues=, Leaving_Reason=, Member_address=, Member_City=, Member_Phone=, Member_Zipcode=, Mobile_Device=, Module=Membership, No_Prev_emp_chk_box=, Number_of_Persons1=, Payment_type=, Personal_Training_ExperienceDPValues=, Plan_rates=, Prepayment=, PriorEmploymentWhyResigned_ip=, RaceEthnicity_dd=, Radiobtn18YearsOld=, Radius_travel_to_work=, Rates/amenities=, Rates_details=, Res_Run=Check_seach textbox, Routing_number=, Run=Yes, State=, Supervisor_name=, TestScenario=TC_05_Validate_SearchTextbox, Text_input=, TextMessage=Check_search_textbox, Time_period_DD=, To_date=, Total_initial_Payment=, Url=, Work_time=}]]>
              </value>
            </param>
            <param index="1">
              <value>
                <![CDATA[org.testng.TestRunner@3eeb318f]]>
              </value>
            </param>
          </params>
          <reporter-output>
          </reporter-output>
        </test-method> <!-- RUNALL -->
        <test-method signature="RUNALL(java.util.Map,org.testng.ITestContext)[pri:0, instance:com.test.user.All_scenarios@40a4337a]" started-at="2024-02-07T23:33:10 PST" name="RUNALL" data-provider="TestData" finished-at="2024-02-07T23:33:20 PST" duration-ms="10110" status="PASS">
          <params>
            <param index="0">
              <value>
                <![CDATA[{Account_number=, Add_amenities=, additional_input=, Aerobics_Instructor_Exp_DD=, Amount_details=, Annual_Fee_Per_Person=, Billing_Frequency=, Can_contact_radio_button=, Card_name=, Card_number=, Certificate_No=, Certification_IssuedByDPValues=, Certified_In_DD=, Change_brand_name=, Checkbox_class_formats=, Class_per_week=, Club_Address=, Club_city=, Club_Employer_DD=, Club_name=, Club_phone=, Club_zip=, Country=, Date_to_begin=, Dropdown_values=, E_EducationLeve_Dropdown=, Email=, Emp_details=, Emp_gap=, Employer_name=, EmploymentHowResigned_dd=, EmploymentSuccess_ip=, EmploymentWhatDislike_ip=, EmploymentWhatLike_ip=, EmploymentWhyLeaveCurrent_ip=, EmploymentWhyReapply_ip=, EmploymentWhyResignInFuture_ip=, Everemployed_rdobtn=, Ex_month=, Ex_year=, F_Name=, File_name=, First_Month_Dues=, From_date=, Full_name=, Gender_dd=, Hold_cert_GT_AC_ratio_button=, How_hear_abt_us=, Included_amenities=, Initial_Term=, Initiation_Fee=, input_data=, input_data1=, input_data2=, input_data3=, input_data4=, input_data5=, input_data6=, IP_Address=, Job_long_des=, Job_short_des=, Job_title=, L_Name=, Languages=, Last_Month_Dues=, Leaving_Reason=, Member_address=, Member_City=, Member_Phone=, Member_Zipcode=, Mobile_Device=, Module=Membership, No_Prev_emp_chk_box=, Number_of_Persons1=, Payment_type=, Personal_Training_ExperienceDPValues=, Plan_rates=, Prepayment=, PriorEmploymentWhyResigned_ip=, RaceEthnicity_dd=, Radiobtn18YearsOld=, Radius_travel_to_work=, Rates/amenities=, Rates_details=, Res_Run=Click_btn_GoogleSeach, Routing_number=, Run=Yes, State=, Supervisor_name=, TestScenario=TC_06_Validate_Click_btn_GoogleSearch, Text_input=, TextMessage=Click_btn_GoogleSeach, Time_period_DD=, To_date=, Total_initial_Payment=, Url=, Work_time=}]]>
              </value>
            </param>
            <param index="1">
              <value>
                <![CDATA[org.testng.TestRunner@3eeb318f]]>
              </value>
            </param>
          </params>
          <reporter-output>
          </reporter-output>
        </test-method> <!-- RUNALL -->
      </class> <!-- com.test.user.All_scenarios -->
    </test> <!-- All_scenarios -->
  </suite> <!-- Suite -->
</testng-results>
